PLINK v2.00a5LM AVX2 Intel (7 Jul 2023)
Options in effect:
  --bfile UF.Geno_Jan23.BO
  --chr 1-29
  --cow
  --geno-counts
  --keep /blue/mateescu/gzayas97/Gabe_Thesis/4.BO.GWAS.Heterosis/Analysis/data/IDs/Seminole.Steers.ID
  --out SemiNutri.BO

Hostname: login7.ufhpc
Working directory: /blue/mateescu/gzayas97/Gabe_Thesis/4.BO.GWAS.Heterosis/Analysis/data/Genotypes/BOA
Start time: Sat Oct 28 20:50:38 2023

Random number seed: 1698540638
514740 MiB RAM detected, ~376059 available; reserving 257370 MiB for main
workspace.
Using up to 64 threads (change this with --threads).
9077 samples (0 females, 0 males, 9077 ambiguous; 9077 founders) loaded from
UF.Geno_Jan23.BO.fam.
93751 variants loaded from UF.Geno_Jan23.BO.bim.
Note: No phenotype data present.
--keep: 1041 samples remaining.
1041 samples (0 females, 0 males, 1041 ambiguous; 1041 founders) remaining
after main filters.
Calculating allele frequencies... done.
--geno-counts: Genotype counts written to SemiNutri.BO.gcount .

End time: Sat Oct 28 20:50:39 2023
